Not searching for unused variables given on the command line.
[36m--[0m The C compiler identification is Clang 14.0.6
[36m--[0m The CXX compiler identification is Clang 14.0.6
[36m--[0m Detecting C compiler ABI info
[36m--[0m Detecting C compiler ABI info - done
[36m--[0m Check for working C compiler: /usr/local/Caskroom/miniforge/base/envs/ros-noetic-tools/bin/x86_64-apple-darwin13.4.0-clang - skipped
[36m--[0m Detecting C compile features
[36m--[0m Detecting C compile features - done
[36m--[0m Detecting CXX compiler ABI info
[36m--[0m Detecting CXX compiler ABI info - done
[36m--[0m Check for working CXX compiler: /usr/local/Caskroom/miniforge/base/envs/ros-noetic-tools/bin/x86_64-apple-darwin13.4.0-clang++ - skipped
[36m--[0m Detecting CXX compile features
[36m--[0m Detecting CXX compile features - done
[36m--[0m Using CATKIN_DEVEL_PREFIX: /Users/amoralesma/Documents/ieee-un/Proyectos/chessbot-controller/chessbot_ws/devel/.private/chessbot-robot
[36m--[0m Using CMAKE_PREFIX_PATH: /Users/amoralesma/Documents/ieee-un/Proyectos/chessbot-controller/chessbot_ws/devel;/usr/local/Caskroom/miniforge/base/envs/ros-noetic-tools
[36m--[0m This workspace overlays: /Users/amoralesma/Documents/ieee-un/Proyectos/chessbot-controller/chessbot_ws/devel;/usr/local/Caskroom/miniforge/base/envs/ros-noetic-tools
[36m--[0m Found PythonInterp: /usr/local/Caskroom/miniforge/base/envs/ros-noetic-tools/bin/python3.9 (found suitable version "3.9.15", minimum required is "3.9")
[36m--[0m Using PYTHON_EXECUTABLE: /usr/local/Caskroom/miniforge/base/envs/ros-noetic-tools/bin/python3.9
[36m--[0m Using default Python package layout
[36m--[0m Found PY_em: /usr/local/Caskroom/miniforge/base/envs/ros-noetic-tools/lib/python3.9/site-packages/em.py
[36m--[0m Using empy: /usr/local/Caskroom/miniforge/base/envs/ros-noetic-tools/lib/python3.9/site-packages/em.py
[36m--[0m Using CATKIN_ENABLE_TESTING: ON
[36m--[0m Call enable_testing()
[36m--[0m Using CATKIN_TEST_RESULTS_DIR: /Users/amoralesma/Documents/ieee-un/Proyectos/chessbot-controller/chessbot_ws/build/chessbot-robot/test_results
[36m--[0m Found gtest: gtests will be built
[36m--[0m Using Python nosetests: /usr/local/Caskroom/miniforge/base/envs/ros-noetic-tools/bin/nosetests-3.9
[36m--[0m catkin 0.8.10
[36m--[0m BUILD_SHARED_LIBS is on
[36m--[0m Configuring done
[36m--[0m Generating done
[36m--[0m Build files have been written to: /Users/amoralesma/Documents/ieee-un/Proyectos/chessbot-controller/chessbot_ws/build/chessbot-robot
