The system is: Darwin - 21.6.0 - x86_64
Compiling the C compiler identification source file "CMakeCCompilerId.c" succeeded.
Compiler: /usr/local/Caskroom/miniforge/base/envs/ros2/bin/clang 
Build flags: -march=core2;-mtune=haswell;-mssse3;-ftree-vectorize;-fPIC;-fPIE;-fstack-protector-strong;-O2;-pipe;-isystem;/usr/local/Caskroom/miniforge/base/envs/ros2/include
Id flags:  

The output was:
0


Compilation of the C compiler identification source "CMakeCCompilerId.c" produced "a.out"

The C compiler identification is Clang, found in "/Users/amoralesma/Documents/IEEE UN/Proyectos/chessbot-controller/build/CMakeFiles/3.25.1/CompilerIdC/a.out"

Compiling the CXX compiler identification source file "CMakeCXXCompilerId.cpp" succeeded.
Compiler: /usr/local/Caskroom/miniforge/base/envs/ros2/bin/clang++ 
Build flags: -march=core2;-mtune=haswell;-mssse3;-ftree-vectorize;-fPIC;-fPIE;-fstack-protector-strong;-O2;-pipe;-stdlib=libc++;-fvisibility-inlines-hidden;-fmessage-length=0;-isystem;/usr/local/Caskroom/miniforge/base/envs/ros2/include
Id flags:  

The output was:
0


Compilation of the CXX compiler identification source "CMakeCXXCompilerId.cpp" produced "a.out"

The CXX compiler identification is Clang, found in "/Users/amoralesma/Documents/IEEE UN/Proyectos/chessbot-controller/build/CMakeFiles/3.25.1/CompilerIdCXX/a.out"

Detecting C compiler ABI info compiled with the following output:
Change Dir: /Users/amoralesma/Documents/IEEE UN/Proyectos/chessbot-controller/build/CMakeFiles/CMakeScratch/TryCompile-jVYHso

Run Build Command(s):/usr/local/Caskroom/miniforge/base/envs/ros2/bin/ninja cmTC_47814 && [1/2] Building C object CMakeFiles/cmTC_47814.dir/CMakeCCompilerABI.c.o
clang version 14.0.6
Target: x86_64-apple-darwin21.6.0
Thread model: posix
InstalledDir: /usr/local/Caskroom/miniforge/base/envs/ros2/bin
clang-14: warning: -Wl,-v: 'linker' input unused [-Wunused-command-line-argument]
 (in-process)
 "/usr/local/Caskroom/miniforge/base/envs/ros2/bin/clang-14" -cc1 -triple x86_64-apple-macosx12.0.0 -Wundef-prefix=TARGET_OS_OSX -Werror=undef-prefix -Wdeprecated-objc-isa-usage -Werror=deprecated-objc-isa-usage -emit-obj --mrelax-relocations -disable-free -clear-ast-before-backend -disable-llvm-verifier -discard-value-names -main-file-name CMakeCCompilerABI.c -mrelocation-model pic -pic-level 2 -mframe-pointer=all -ffp-contract=on -fno-rounding-math -funwind-tables=2 -target-sdk-version=13.1 -fcompatibility-qualified-id-block-type-checking -fvisibility-inlines-hidden-static-local-var -target-cpu core2 -target-feature +ssse3 -tune-cpu haswell -mllvm -treat-scalable-fixed-error-as-warning -debugger-tuning=lldb -target-linker-version 609 -v "-fcoverage-compilation-dir=/Users/amoralesma/Documents/IEEE UN/Proyectos/chessbot-controller/build/CMakeFiles/CMakeScratch/TryCompile-jVYHso" -resource-dir /usr/local/Caskroom/miniforge/base/envs/ros2/lib/clang/14.0.6 -dependency-file CMakeFiles/cmTC_47814.dir/CMakeCCompilerABI.c.o.d -MT CMakeFiles/cmTC_47814.dir/CMakeCCompilerABI.c.o -sys-header-deps -isystem /usr/local/Caskroom/miniforge/base/envs/ros2/include -isysroot /Applications/Xcode.app/Contents/Developer/Platforms/MacOSX.platform/Developer/SDKs/MacOSX.sdk -internal-isystem /Applications/Xcode.app/Contents/Developer/Platforms/MacOSX.platform/Developer/SDKs/MacOSX.sdk/usr/local/include -internal-isystem /usr/local/Caskroom/miniforge/base/envs/ros2/lib/clang/14.0.6/include -internal-externc-isystem /Applications/Xcode.app/Contents/Developer/Platforms/MacOSX.platform/Developer/SDKs/MacOSX.sdk/usr/include -O2 "-fdebug-compilation-dir=/Users/amoralesma/Documents/IEEE UN/Proyectos/chessbot-controller/build/CMakeFiles/CMakeScratch/TryCompile-jVYHso" -ferror-limit 19 -stack-protector 2 -fblocks -fencode-extended-block-signature -fregister-global-dtors-with-atexit -fgnuc-version=4.2.1 -fmax-type-align=16 -vectorize-loops -vectorize-slp -D__GCC_HAVE_DWARF2_CFI_ASM=1 -o CMakeFiles/cmTC_47814.dir/CMakeCCompilerABI.c.o -x c /usr/local/Caskroom/miniforge/base/envs/ros2/share/cmake-3.25/Modules/CMakeCCompilerABI.c
clang -cc1 version 14.0.6 based upon LLVM 14.0.6 default target x86_64-apple-darwin21.6.0
ignoring nonexistent directory "/Applications/Xcode.app/Contents/Developer/Platforms/MacOSX.platform/Developer/SDKs/MacOSX.sdk/usr/local/include"
ignoring nonexistent directory "/Applications/Xcode.app/Contents/Developer/Platforms/MacOSX.platform/Developer/SDKs/MacOSX.sdk/Library/Frameworks"
#include "..." search starts here:
#include <...> search starts here:
 /usr/local/Caskroom/miniforge/base/envs/ros2/include
 /usr/local/Caskroom/miniforge/base/envs/ros2/lib/clang/14.0.6/include
 /Applications/Xcode.app/Contents/Developer/Platforms/MacOSX.platform/Developer/SDKs/MacOSX.sdk/usr/include
 /Applications/Xcode.app/Contents/Developer/Platforms/MacOSX.platform/Developer/SDKs/MacOSX.sdk/System/Library/Frameworks (framework directory)
End of search list.
[2/2] Linking C executable cmTC_47814
clang version 14.0.6
Target: x86_64-apple-darwin21.6.0
Thread model: posix
InstalledDir: /usr/local/Caskroom/miniforge/base/envs/ros2/bin
 "/usr/local/Caskroom/miniforge/base/envs/ros2/bin/ld" -demangle -lto_library /usr/local/Caskroom/miniforge/base/envs/ros2/lib/libLTO.14.dylib -dynamic -arch x86_64 -platform_version macos 12.0.0 13.1 -pie -syslibroot /Applications/Xcode.app/Contents/Developer/Platforms/MacOSX.platform/Developer/SDKs/MacOSX.sdk -o cmTC_47814 -L/usr/local/Caskroom/miniforge/base/envs/ros2/lib -search_paths_first -headerpad_max_install_names -pie -headerpad_max_install_names -dead_strip_dylibs -rpath /usr/local/Caskroom/miniforge/base/envs/ros2/lib -v CMakeFiles/cmTC_47814.dir/CMakeCCompilerABI.c.o -lSystem /usr/local/Caskroom/miniforge/base/envs/ros2/lib/clang/14.0.6/lib/darwin/libclang_rt.osx.a
@(#)PROGRAM:ld  PROJECT:ld64-609
BUILD 04:48:50 Nov 19 2022
configured to support archs: armv6 armv7 armv7s arm64 arm64e arm64_32 i386 x86_64 x86_64h armv6m armv7k armv7m armv7em (tvOS)
Library search paths:
	/usr/local/Caskroom/miniforge/base/envs/ros2/lib
	/Applications/Xcode.app/Contents/Developer/Platforms/MacOSX.platform/Developer/SDKs/MacOSX.sdk/usr/lib
Framework search paths:
	/Applications/Xcode.app/Contents/Developer/Platforms/MacOSX.platform/Developer/SDKs/MacOSX.sdk/System/Library/Frameworks/



Parsed C implicit include dir info from above output: rv=done
  found start of include info
  found start of implicit include info
    add: [/usr/local/Caskroom/miniforge/base/envs/ros2/include]
    add: [/usr/local/Caskroom/miniforge/base/envs/ros2/lib/clang/14.0.6/include]
    add: [/Applications/Xcode.app/Contents/Developer/Platforms/MacOSX.platform/Developer/SDKs/MacOSX.sdk/usr/include]
  end of search list found
  collapse include dir [/usr/local/Caskroom/miniforge/base/envs/ros2/include] ==> [/usr/local/Caskroom/miniforge/base/envs/ros2/include]
  collapse include dir [/usr/local/Caskroom/miniforge/base/envs/ros2/lib/clang/14.0.6/include] ==> [/usr/local/Caskroom/miniforge/base/envs/ros2/lib/clang/14.0.6/include]
  collapse include dir [/Applications/Xcode.app/Contents/Developer/Platforms/MacOSX.platform/Developer/SDKs/MacOSX.sdk/usr/include] ==> [/Applications/Xcode.app/Contents/Developer/Platforms/MacOSX.platform/Developer/SDKs/MacOSX.sdk/usr/include]
  implicit include dirs: [/usr/local/Caskroom/miniforge/base/envs/ros2/include;/usr/local/Caskroom/miniforge/base/envs/ros2/lib/clang/14.0.6/include;/Applications/Xcode.app/Contents/Developer/Platforms/MacOSX.platform/Developer/SDKs/MacOSX.sdk/usr/include]


Parsed C implicit link information from above output:
  link line regex: [^( *|.*[/\])(ld|CMAKE_LINK_STARTFILE-NOTFOUND|([^/\]+-)?ld|collect2)[^/\]*( |$)]
  ignore line: [Change Dir: /Users/amoralesma/Documents/IEEE UN/Proyectos/chessbot-controller/build/CMakeFiles/CMakeScratch/TryCompile-jVYHso]
  ignore line: []
  ignore line: [Run Build Command(s):/usr/local/Caskroom/miniforge/base/envs/ros2/bin/ninja cmTC_47814 && [1/2] Building C object CMakeFiles/cmTC_47814.dir/CMakeCCompilerABI.c.o]
  ignore line: [clang version 14.0.6]
  ignore line: [Target: x86_64-apple-darwin21.6.0]
  ignore line: [Thread model: posix]
  ignore line: [InstalledDir: /usr/local/Caskroom/miniforge/base/envs/ros2/bin]
  ignore line: [clang-14: warning: -Wl -v: 'linker' input unused [-Wunused-command-line-argument]]
  ignore line: [ (in-process)]
  ignore line: [ "/usr/local/Caskroom/miniforge/base/envs/ros2/bin/clang-14" -cc1 -triple x86_64-apple-macosx12.0.0 -Wundef-prefix=TARGET_OS_OSX -Werror=undef-prefix -Wdeprecated-objc-isa-usage -Werror=deprecated-objc-isa-usage -emit-obj --mrelax-relocations -disable-free -clear-ast-before-backend -disable-llvm-verifier -discard-value-names -main-file-name CMakeCCompilerABI.c -mrelocation-model pic -pic-level 2 -mframe-pointer=all -ffp-contract=on -fno-rounding-math -funwind-tables=2 -target-sdk-version=13.1 -fcompatibility-qualified-id-block-type-checking -fvisibility-inlines-hidden-static-local-var -target-cpu core2 -target-feature +ssse3 -tune-cpu haswell -mllvm -treat-scalable-fixed-error-as-warning -debugger-tuning=lldb -target-linker-version 609 -v "-fcoverage-compilation-dir=/Users/amoralesma/Documents/IEEE UN/Proyectos/chessbot-controller/build/CMakeFiles/CMakeScratch/TryCompile-jVYHso" -resource-dir /usr/local/Caskroom/miniforge/base/envs/ros2/lib/clang/14.0.6 -dependency-file CMakeFiles/cmTC_47814.dir/CMakeCCompilerABI.c.o.d -MT CMakeFiles/cmTC_47814.dir/CMakeCCompilerABI.c.o -sys-header-deps -isystem /usr/local/Caskroom/miniforge/base/envs/ros2/include -isysroot /Applications/Xcode.app/Contents/Developer/Platforms/MacOSX.platform/Developer/SDKs/MacOSX.sdk -internal-isystem /Applications/Xcode.app/Contents/Developer/Platforms/MacOSX.platform/Developer/SDKs/MacOSX.sdk/usr/local/include -internal-isystem /usr/local/Caskroom/miniforge/base/envs/ros2/lib/clang/14.0.6/include -internal-externc-isystem /Applications/Xcode.app/Contents/Developer/Platforms/MacOSX.platform/Developer/SDKs/MacOSX.sdk/usr/include -O2 "-fdebug-compilation-dir=/Users/amoralesma/Documents/IEEE UN/Proyectos/chessbot-controller/build/CMakeFiles/CMakeScratch/TryCompile-jVYHso" -ferror-limit 19 -stack-protector 2 -fblocks -fencode-extended-block-signature -fregister-global-dtors-with-atexit -fgnuc-version=4.2.1 -fmax-type-align=16 -vectorize-loops -vectorize-slp -D__GCC_HAVE_DWARF2_CFI_ASM=1 -o CMakeFiles/cmTC_47814.dir/CMakeCCompilerABI.c.o -x c /usr/local/Caskroom/miniforge/base/envs/ros2/share/cmake-3.25/Modules/CMakeCCompilerABI.c]
  ignore line: [clang -cc1 version 14.0.6 based upon LLVM 14.0.6 default target x86_64-apple-darwin21.6.0]
  ignore line: [ignoring nonexistent directory "/Applications/Xcode.app/Contents/Developer/Platforms/MacOSX.platform/Developer/SDKs/MacOSX.sdk/usr/local/include"]
  ignore line: [ignoring nonexistent directory "/Applications/Xcode.app/Contents/Developer/Platforms/MacOSX.platform/Developer/SDKs/MacOSX.sdk/Library/Frameworks"]
  ignore line: [#include "..." search starts here:]
  ignore line: [#include <...> search starts here:]
  ignore line: [ /usr/local/Caskroom/miniforge/base/envs/ros2/include]
  ignore line: [ /usr/local/Caskroom/miniforge/base/envs/ros2/lib/clang/14.0.6/include]
  ignore line: [ /Applications/Xcode.app/Contents/Developer/Platforms/MacOSX.platform/Developer/SDKs/MacOSX.sdk/usr/include]
  ignore line: [ /Applications/Xcode.app/Contents/Developer/Platforms/MacOSX.platform/Developer/SDKs/MacOSX.sdk/System/Library/Frameworks (framework directory)]
  ignore line: [End of search list.]
  ignore line: [[2/2] Linking C executable cmTC_47814]
  ignore line: [clang version 14.0.6]
  ignore line: [Target: x86_64-apple-darwin21.6.0]
  ignore line: [Thread model: posix]
  ignore line: [InstalledDir: /usr/local/Caskroom/miniforge/base/envs/ros2/bin]
  link line: [ "/usr/local/Caskroom/miniforge/base/envs/ros2/bin/ld" -demangle -lto_library /usr/local/Caskroom/miniforge/base/envs/ros2/lib/libLTO.14.dylib -dynamic -arch x86_64 -platform_version macos 12.0.0 13.1 -pie -syslibroot /Applications/Xcode.app/Contents/Developer/Platforms/MacOSX.platform/Developer/SDKs/MacOSX.sdk -o cmTC_47814 -L/usr/local/Caskroom/miniforge/base/envs/ros2/lib -search_paths_first -headerpad_max_install_names -pie -headerpad_max_install_names -dead_strip_dylibs -rpath /usr/local/Caskroom/miniforge/base/envs/ros2/lib -v CMakeFiles/cmTC_47814.dir/CMakeCCompilerABI.c.o -lSystem /usr/local/Caskroom/miniforge/base/envs/ros2/lib/clang/14.0.6/lib/darwin/libclang_rt.osx.a]
    arg [/usr/local/Caskroom/miniforge/base/envs/ros2/bin/ld] ==> ignore
    arg [-demangle] ==> ignore
    arg [-lto_library] ==> ignore, skip following value
    arg [/usr/local/Caskroom/miniforge/base/envs/ros2/lib/libLTO.14.dylib] ==> skip value of -lto_library
    arg [-dynamic] ==> ignore
    arg [-arch] ==> ignore
    arg [x86_64] ==> ignore
    arg [-platform_version] ==> ignore
    arg [macos] ==> ignore
    arg [12.0.0] ==> ignore
    arg [13.1] ==> ignore
    arg [-pie] ==> ignore
    arg [-syslibroot] ==> ignore
    arg [/Applications/Xcode.app/Contents/Developer/Platforms/MacOSX.platform/Developer/SDKs/MacOSX.sdk] ==> ignore
    arg [-o] ==> ignore
    arg [cmTC_47814] ==> ignore
    arg [-L/usr/local/Caskroom/miniforge/base/envs/ros2/lib] ==> dir [/usr/local/Caskroom/miniforge/base/envs/ros2/lib]
    arg [-search_paths_first] ==> ignore
    arg [-headerpad_max_install_names] ==> ignore
    arg [-pie] ==> ignore
    arg [-headerpad_max_install_names] ==> ignore
    arg [-dead_strip_dylibs] ==> ignore
    arg [-rpath] ==> ignore
    arg [/usr/local/Caskroom/miniforge/base/envs/ros2/lib] ==> ignore
    arg [-v] ==> ignore
    arg [CMakeFiles/cmTC_47814.dir/CMakeCCompilerABI.c.o] ==> ignore
    arg [-lSystem] ==> lib [System]
    arg [/usr/local/Caskroom/miniforge/base/envs/ros2/lib/clang/14.0.6/lib/darwin/libclang_rt.osx.a] ==> lib [/usr/local/Caskroom/miniforge/base/envs/ros2/lib/clang/14.0.6/lib/darwin/libclang_rt.osx.a]
  Library search paths: [;/usr/local/Caskroom/miniforge/base/envs/ros2/lib;/Applications/Xcode.app/Contents/Developer/Platforms/MacOSX.platform/Developer/SDKs/MacOSX.sdk/usr/lib]
  Framework search paths: [;/Applications/Xcode.app/Contents/Developer/Platforms/MacOSX.platform/Developer/SDKs/MacOSX.sdk/System/Library/Frameworks/]
  remove lib [System]
  remove lib [/usr/local/Caskroom/miniforge/base/envs/ros2/lib/clang/14.0.6/lib/darwin/libclang_rt.osx.a]
  collapse library dir [/usr/local/Caskroom/miniforge/base/envs/ros2/lib] ==> [/usr/local/Caskroom/miniforge/base/envs/ros2/lib]
  collapse library dir [/usr/local/Caskroom/miniforge/base/envs/ros2/lib] ==> [/usr/local/Caskroom/miniforge/base/envs/ros2/lib]
  collapse library dir [/Applications/Xcode.app/Contents/Developer/Platforms/MacOSX.platform/Developer/SDKs/MacOSX.sdk/usr/lib] ==> [/Applications/Xcode.app/Contents/Developer/Platforms/MacOSX.platform/Developer/SDKs/MacOSX.sdk/usr/lib]
  collapse framework dir [/Applications/Xcode.app/Contents/Developer/Platforms/MacOSX.platform/Developer/SDKs/MacOSX.sdk/System/Library/Frameworks/] ==> [/Applications/Xcode.app/Contents/Developer/Platforms/MacOSX.platform/Developer/SDKs/MacOSX.sdk/System/Library/Frameworks]
  implicit libs: []
  implicit objs: []
  implicit dirs: [/usr/local/Caskroom/miniforge/base/envs/ros2/lib;/Applications/Xcode.app/Contents/Developer/Platforms/MacOSX.platform/Developer/SDKs/MacOSX.sdk/usr/lib]
  implicit fwks: [/Applications/Xcode.app/Contents/Developer/Platforms/MacOSX.platform/Developer/SDKs/MacOSX.sdk/System/Library/Frameworks]


Detecting CXX compiler ABI info compiled with the following output:
Change Dir: /Users/amoralesma/Documents/IEEE UN/Proyectos/chessbot-controller/build/CMakeFiles/CMakeScratch/TryCompile-935d7C

Run Build Command(s):/usr/local/Caskroom/miniforge/base/envs/ros2/bin/ninja cmTC_9f8dc && [1/2] Building CXX object CMakeFiles/cmTC_9f8dc.dir/CMakeCXXCompilerABI.cpp.o
clang version 14.0.6
Target: x86_64-apple-darwin21.6.0
Thread model: posix
InstalledDir: /usr/local/Caskroom/miniforge/base/envs/ros2/bin
clang-14: warning: -Wl,-v: 'linker' input unused [-Wunused-command-line-argument]
 (in-process)
 "/usr/local/Caskroom/miniforge/base/envs/ros2/bin/clang-14" -cc1 -triple x86_64-apple-macosx12.0.0 -Wundef-prefix=TARGET_OS_OSX -Werror=undef-prefix -Wdeprecated-objc-isa-usage -Werror=deprecated-objc-isa-usage -emit-obj --mrelax-relocations -disable-free -clear-ast-before-backend -disable-llvm-verifier -discard-value-names -main-file-name CMakeCXXCompilerABI.cpp -mrelocation-model pic -pic-level 2 -mframe-pointer=all -ffp-contract=on -fno-rounding-math -funwind-tables=2 -target-sdk-version=13.1 -fcompatibility-qualified-id-block-type-checking -fvisibility-inlines-hidden-static-local-var -target-cpu core2 -target-feature +ssse3 -tune-cpu haswell -mllvm -treat-scalable-fixed-error-as-warning -debugger-tuning=lldb -target-linker-version 609 -v "-fcoverage-compilation-dir=/Users/amoralesma/Documents/IEEE UN/Proyectos/chessbot-controller/build/CMakeFiles/CMakeScratch/TryCompile-935d7C" -resource-dir /usr/local/Caskroom/miniforge/base/envs/ros2/lib/clang/14.0.6 -dependency-file CMakeFiles/cmTC_9f8dc.dir/CMakeCXXCompilerABI.cpp.o.d -MT CMakeFiles/cmTC_9f8dc.dir/CMakeCXXCompilerABI.cpp.o -sys-header-deps -isystem /usr/local/Caskroom/miniforge/base/envs/ros2/include -isysroot /Applications/Xcode.app/Contents/Developer/Platforms/MacOSX.platform/Developer/SDKs/MacOSX.sdk -stdlib=libc++ -internal-isystem /usr/local/Caskroom/miniforge/base/envs/ros2/bin/../include/c++/v1 -internal-isystem /Applications/Xcode.app/Contents/Developer/Platforms/MacOSX.platform/Developer/SDKs/MacOSX.sdk/usr/local/include -internal-isystem /usr/local/Caskroom/miniforge/base/envs/ros2/lib/clang/14.0.6/include -internal-externc-isystem /Applications/Xcode.app/Contents/Developer/Platforms/MacOSX.platform/Developer/SDKs/MacOSX.sdk/usr/include -O2 -fdeprecated-macro "-fdebug-compilation-dir=/Users/amoralesma/Documents/IEEE UN/Proyectos/chessbot-controller/build/CMakeFiles/CMakeScratch/TryCompile-935d7C" -ferror-limit 19 -fvisibility-inlines-hidden -stack-protector 2 -fblocks -fencode-extended-block-signature -fregister-global-dtors-with-atexit -fgnuc-version=4.2.1 -fcxx-exceptions -fexceptions -fmax-type-align=16 -vectorize-loops -vectorize-slp -D__GCC_HAVE_DWARF2_CFI_ASM=1 -o CMakeFiles/cmTC_9f8dc.dir/CMakeCXXCompilerABI.cpp.o -x c++ /usr/local/Caskroom/miniforge/base/envs/ros2/share/cmake-3.25/Modules/CMakeCXXCompilerABI.cpp
clang -cc1 version 14.0.6 based upon LLVM 14.0.6 default target x86_64-apple-darwin21.6.0
ignoring nonexistent directory "/Applications/Xcode.app/Contents/Developer/Platforms/MacOSX.platform/Developer/SDKs/MacOSX.sdk/usr/local/include"
ignoring nonexistent directory "/Applications/Xcode.app/Contents/Developer/Platforms/MacOSX.platform/Developer/SDKs/MacOSX.sdk/Library/Frameworks"
#include "..." search starts here:
#include <...> search starts here:
 /usr/local/Caskroom/miniforge/base/envs/ros2/include
 /usr/local/Caskroom/miniforge/base/envs/ros2/bin/../include/c++/v1
 /usr/local/Caskroom/miniforge/base/envs/ros2/lib/clang/14.0.6/include
 /Applications/Xcode.app/Contents/Developer/Platforms/MacOSX.platform/Developer/SDKs/MacOSX.sdk/usr/include
 /Applications/Xcode.app/Contents/Developer/Platforms/MacOSX.platform/Developer/SDKs/MacOSX.sdk/System/Library/Frameworks (framework directory)
End of search list.
[2/2] Linking CXX executable cmTC_9f8dc
clang version 14.0.6
Target: x86_64-apple-darwin21.6.0
Thread model: posix
InstalledDir: /usr/local/Caskroom/miniforge/base/envs/ros2/bin
 "/usr/local/Caskroom/miniforge/base/envs/ros2/bin/ld" -demangle -lto_library /usr/local/Caskroom/miniforge/base/envs/ros2/lib/libLTO.14.dylib -dynamic -arch x86_64 -platform_version macos 12.0.0 13.1 -pie -syslibroot /Applications/Xcode.app/Contents/Developer/Platforms/MacOSX.platform/Developer/SDKs/MacOSX.sdk -o cmTC_9f8dc -L/usr/local/Caskroom/miniforge/base/envs/ros2/lib -search_paths_first -headerpad_max_install_names -pie -headerpad_max_install_names -dead_strip_dylibs -rpath /usr/local/Caskroom/miniforge/base/envs/ros2/lib -v CMakeFiles/cmTC_9f8dc.dir/CMakeCXXCompilerABI.cpp.o -lc++ -lSystem /usr/local/Caskroom/miniforge/base/envs/ros2/lib/clang/14.0.6/lib/darwin/libclang_rt.osx.a
@(#)PROGRAM:ld  PROJECT:ld64-609
BUILD 04:48:50 Nov 19 2022
configured to support archs: armv6 armv7 armv7s arm64 arm64e arm64_32 i386 x86_64 x86_64h armv6m armv7k armv7m armv7em (tvOS)
Library search paths:
	/usr/local/Caskroom/miniforge/base/envs/ros2/lib
	/Applications/Xcode.app/Contents/Developer/Platforms/MacOSX.platform/Developer/SDKs/MacOSX.sdk/usr/lib
Framework search paths:
	/Applications/Xcode.app/Contents/Developer/Platforms/MacOSX.platform/Developer/SDKs/MacOSX.sdk/System/Library/Frameworks/



Parsed CXX implicit include dir info from above output: rv=done
  found start of include info
  found start of implicit include info
    add: [/usr/local/Caskroom/miniforge/base/envs/ros2/include]
    add: [/usr/local/Caskroom/miniforge/base/envs/ros2/bin/../include/c++/v1]
    add: [/usr/local/Caskroom/miniforge/base/envs/ros2/lib/clang/14.0.6/include]
    add: [/Applications/Xcode.app/Contents/Developer/Platforms/MacOSX.platform/Developer/SDKs/MacOSX.sdk/usr/include]
  end of search list found
  collapse include dir [/usr/local/Caskroom/miniforge/base/envs/ros2/include] ==> [/usr/local/Caskroom/miniforge/base/envs/ros2/include]
  collapse include dir [/usr/local/Caskroom/miniforge/base/envs/ros2/bin/../include/c++/v1] ==> [/usr/local/Caskroom/miniforge/base/envs/ros2/include/c++/v1]
  collapse include dir [/usr/local/Caskroom/miniforge/base/envs/ros2/lib/clang/14.0.6/include] ==> [/usr/local/Caskroom/miniforge/base/envs/ros2/lib/clang/14.0.6/include]
  collapse include dir [/Applications/Xcode.app/Contents/Developer/Platforms/MacOSX.platform/Developer/SDKs/MacOSX.sdk/usr/include] ==> [/Applications/Xcode.app/Contents/Developer/Platforms/MacOSX.platform/Developer/SDKs/MacOSX.sdk/usr/include]
  implicit include dirs: [/usr/local/Caskroom/miniforge/base/envs/ros2/include;/usr/local/Caskroom/miniforge/base/envs/ros2/include/c++/v1;/usr/local/Caskroom/miniforge/base/envs/ros2/lib/clang/14.0.6/include;/Applications/Xcode.app/Contents/Developer/Platforms/MacOSX.platform/Developer/SDKs/MacOSX.sdk/usr/include]


Parsed CXX implicit link information from above output:
  link line regex: [^( *|.*[/\])(ld|CMAKE_LINK_STARTFILE-NOTFOUND|([^/\]+-)?ld|collect2)[^/\]*( |$)]
  ignore line: [Change Dir: /Users/amoralesma/Documents/IEEE UN/Proyectos/chessbot-controller/build/CMakeFiles/CMakeScratch/TryCompile-935d7C]
  ignore line: []
  ignore line: [Run Build Command(s):/usr/local/Caskroom/miniforge/base/envs/ros2/bin/ninja cmTC_9f8dc && [1/2] Building CXX object CMakeFiles/cmTC_9f8dc.dir/CMakeCXXCompilerABI.cpp.o]
  ignore line: [clang version 14.0.6]
  ignore line: [Target: x86_64-apple-darwin21.6.0]
  ignore line: [Thread model: posix]
  ignore line: [InstalledDir: /usr/local/Caskroom/miniforge/base/envs/ros2/bin]
  ignore line: [clang-14: warning: -Wl -v: 'linker' input unused [-Wunused-command-line-argument]]
  ignore line: [ (in-process)]
  ignore line: [ "/usr/local/Caskroom/miniforge/base/envs/ros2/bin/clang-14" -cc1 -triple x86_64-apple-macosx12.0.0 -Wundef-prefix=TARGET_OS_OSX -Werror=undef-prefix -Wdeprecated-objc-isa-usage -Werror=deprecated-objc-isa-usage -emit-obj --mrelax-relocations -disable-free -clear-ast-before-backend -disable-llvm-verifier -discard-value-names -main-file-name CMakeCXXCompilerABI.cpp -mrelocation-model pic -pic-level 2 -mframe-pointer=all -ffp-contract=on -fno-rounding-math -funwind-tables=2 -target-sdk-version=13.1 -fcompatibility-qualified-id-block-type-checking -fvisibility-inlines-hidden-static-local-var -target-cpu core2 -target-feature +ssse3 -tune-cpu haswell -mllvm -treat-scalable-fixed-error-as-warning -debugger-tuning=lldb -target-linker-version 609 -v "-fcoverage-compilation-dir=/Users/amoralesma/Documents/IEEE UN/Proyectos/chessbot-controller/build/CMakeFiles/CMakeScratch/TryCompile-935d7C" -resource-dir /usr/local/Caskroom/miniforge/base/envs/ros2/lib/clang/14.0.6 -dependency-file CMakeFiles/cmTC_9f8dc.dir/CMakeCXXCompilerABI.cpp.o.d -MT CMakeFiles/cmTC_9f8dc.dir/CMakeCXXCompilerABI.cpp.o -sys-header-deps -isystem /usr/local/Caskroom/miniforge/base/envs/ros2/include -isysroot /Applications/Xcode.app/Contents/Developer/Platforms/MacOSX.platform/Developer/SDKs/MacOSX.sdk -stdlib=libc++ -internal-isystem /usr/local/Caskroom/miniforge/base/envs/ros2/bin/../include/c++/v1 -internal-isystem /Applications/Xcode.app/Contents/Developer/Platforms/MacOSX.platform/Developer/SDKs/MacOSX.sdk/usr/local/include -internal-isystem /usr/local/Caskroom/miniforge/base/envs/ros2/lib/clang/14.0.6/include -internal-externc-isystem /Applications/Xcode.app/Contents/Developer/Platforms/MacOSX.platform/Developer/SDKs/MacOSX.sdk/usr/include -O2 -fdeprecated-macro "-fdebug-compilation-dir=/Users/amoralesma/Documents/IEEE UN/Proyectos/chessbot-controller/build/CMakeFiles/CMakeScratch/TryCompile-935d7C" -ferror-limit 19 -fvisibility-inlines-hidden -stack-protector 2 -fblocks -fencode-extended-block-signature -fregister-global-dtors-with-atexit -fgnuc-version=4.2.1 -fcxx-exceptions -fexceptions -fmax-type-align=16 -vectorize-loops -vectorize-slp -D__GCC_HAVE_DWARF2_CFI_ASM=1 -o CMakeFiles/cmTC_9f8dc.dir/CMakeCXXCompilerABI.cpp.o -x c++ /usr/local/Caskroom/miniforge/base/envs/ros2/share/cmake-3.25/Modules/CMakeCXXCompilerABI.cpp]
  ignore line: [clang -cc1 version 14.0.6 based upon LLVM 14.0.6 default target x86_64-apple-darwin21.6.0]
  ignore line: [ignoring nonexistent directory "/Applications/Xcode.app/Contents/Developer/Platforms/MacOSX.platform/Developer/SDKs/MacOSX.sdk/usr/local/include"]
  ignore line: [ignoring nonexistent directory "/Applications/Xcode.app/Contents/Developer/Platforms/MacOSX.platform/Developer/SDKs/MacOSX.sdk/Library/Frameworks"]
  ignore line: [#include "..." search starts here:]
  ignore line: [#include <...> search starts here:]
  ignore line: [ /usr/local/Caskroom/miniforge/base/envs/ros2/include]
  ignore line: [ /usr/local/Caskroom/miniforge/base/envs/ros2/bin/../include/c++/v1]
  ignore line: [ /usr/local/Caskroom/miniforge/base/envs/ros2/lib/clang/14.0.6/include]
  ignore line: [ /Applications/Xcode.app/Contents/Developer/Platforms/MacOSX.platform/Developer/SDKs/MacOSX.sdk/usr/include]
  ignore line: [ /Applications/Xcode.app/Contents/Developer/Platforms/MacOSX.platform/Developer/SDKs/MacOSX.sdk/System/Library/Frameworks (framework directory)]
  ignore line: [End of search list.]
  ignore line: [[2/2] Linking CXX executable cmTC_9f8dc]
  ignore line: [clang version 14.0.6]
  ignore line: [Target: x86_64-apple-darwin21.6.0]
  ignore line: [Thread model: posix]
  ignore line: [InstalledDir: /usr/local/Caskroom/miniforge/base/envs/ros2/bin]
  link line: [ "/usr/local/Caskroom/miniforge/base/envs/ros2/bin/ld" -demangle -lto_library /usr/local/Caskroom/miniforge/base/envs/ros2/lib/libLTO.14.dylib -dynamic -arch x86_64 -platform_version macos 12.0.0 13.1 -pie -syslibroot /Applications/Xcode.app/Contents/Developer/Platforms/MacOSX.platform/Developer/SDKs/MacOSX.sdk -o cmTC_9f8dc -L/usr/local/Caskroom/miniforge/base/envs/ros2/lib -search_paths_first -headerpad_max_install_names -pie -headerpad_max_install_names -dead_strip_dylibs -rpath /usr/local/Caskroom/miniforge/base/envs/ros2/lib -v CMakeFiles/cmTC_9f8dc.dir/CMakeCXXCompilerABI.cpp.o -lc++ -lSystem /usr/local/Caskroom/miniforge/base/envs/ros2/lib/clang/14.0.6/lib/darwin/libclang_rt.osx.a]
    arg [/usr/local/Caskroom/miniforge/base/envs/ros2/bin/ld] ==> ignore
    arg [-demangle] ==> ignore
    arg [-lto_library] ==> ignore, skip following value
    arg [/usr/local/Caskroom/miniforge/base/envs/ros2/lib/libLTO.14.dylib] ==> skip value of -lto_library
    arg [-dynamic] ==> ignore
    arg [-arch] ==> ignore
    arg [x86_64] ==> ignore
    arg [-platform_version] ==> ignore
    arg [macos] ==> ignore
    arg [12.0.0] ==> ignore
    arg [13.1] ==> ignore
    arg [-pie] ==> ignore
    arg [-syslibroot] ==> ignore
    arg [/Applications/Xcode.app/Contents/Developer/Platforms/MacOSX.platform/Developer/SDKs/MacOSX.sdk] ==> ignore
    arg [-o] ==> ignore
    arg [cmTC_9f8dc] ==> ignore
    arg [-L/usr/local/Caskroom/miniforge/base/envs/ros2/lib] ==> dir [/usr/local/Caskroom/miniforge/base/envs/ros2/lib]
    arg [-search_paths_first] ==> ignore
    arg [-headerpad_max_install_names] ==> ignore
    arg [-pie] ==> ignore
    arg [-headerpad_max_install_names] ==> ignore
    arg [-dead_strip_dylibs] ==> ignore
    arg [-rpath] ==> ignore
    arg [/usr/local/Caskroom/miniforge/base/envs/ros2/lib] ==> ignore
    arg [-v] ==> ignore
    arg [CMakeFiles/cmTC_9f8dc.dir/CMakeCXXCompilerABI.cpp.o] ==> ignore
    arg [-lc++] ==> lib [c++]
    arg [-lSystem] ==> lib [System]
    arg [/usr/local/Caskroom/miniforge/base/envs/ros2/lib/clang/14.0.6/lib/darwin/libclang_rt.osx.a] ==> lib [/usr/local/Caskroom/miniforge/base/envs/ros2/lib/clang/14.0.6/lib/darwin/libclang_rt.osx.a]
  Library search paths: [;/usr/local/Caskroom/miniforge/base/envs/ros2/lib;/Applications/Xcode.app/Contents/Developer/Platforms/MacOSX.platform/Developer/SDKs/MacOSX.sdk/usr/lib]
  Framework search paths: [;/Applications/Xcode.app/Contents/Developer/Platforms/MacOSX.platform/Developer/SDKs/MacOSX.sdk/System/Library/Frameworks/]
  remove lib [System]
  remove lib [/usr/local/Caskroom/miniforge/base/envs/ros2/lib/clang/14.0.6/lib/darwin/libclang_rt.osx.a]
  collapse library dir [/usr/local/Caskroom/miniforge/base/envs/ros2/lib] ==> [/usr/local/Caskroom/miniforge/base/envs/ros2/lib]
  collapse library dir [/usr/local/Caskroom/miniforge/base/envs/ros2/lib] ==> [/usr/local/Caskroom/miniforge/base/envs/ros2/lib]
  collapse library dir [/Applications/Xcode.app/Contents/Developer/Platforms/MacOSX.platform/Developer/SDKs/MacOSX.sdk/usr/lib] ==> [/Applications/Xcode.app/Contents/Developer/Platforms/MacOSX.platform/Developer/SDKs/MacOSX.sdk/usr/lib]
  collapse framework dir [/Applications/Xcode.app/Contents/Developer/Platforms/MacOSX.platform/Developer/SDKs/MacOSX.sdk/System/Library/Frameworks/] ==> [/Applications/Xcode.app/Contents/Developer/Platforms/MacOSX.platform/Developer/SDKs/MacOSX.sdk/System/Library/Frameworks]
  implicit libs: [c++]
  implicit objs: []
  implicit dirs: [/usr/local/Caskroom/miniforge/base/envs/ros2/lib;/Applications/Xcode.app/Contents/Developer/Platforms/MacOSX.platform/Developer/SDKs/MacOSX.sdk/usr/lib]
  implicit fwks: [/Applications/Xcode.app/Contents/Developer/Platforms/MacOSX.platform/Developer/SDKs/MacOSX.sdk/System/Library/Frameworks]


